<?xml version="1.0" encoding="UTF-8"?>
<!-- Generated by org.testng.reporters.JUnitXMLReporter -->
<testsuite hostname="DESKTOP-5O7EG3Q" ignored="0" name="Test" tests="6" failures="0" timestamp="03 Jan 2023 05:33:29 GMT" time="0.266" errors="0">
  <testcase name="TestCaseRun1" time="0.031" classname="king.Test2"/>
  <testcase name="TestCaseRun2" time="0.015" classname="king.Test2"/>
  <testcase name="TestCase1" time="0.015" classname="king.Test1"/>
  <testcase name="TestCase2" time="0.015" classname="king.Test1"/>
  <testcase name="TestCaseSwim1" time="0.016" classname="king.Test3"/>
  <testcase name="TestCaseSwim2" time="0.0" classname="king.Test3"/>
</testsuite> <!-- Test -->
